<?xml version="1.0" encoding="UTF-8"?>
<!-- Generated by org.testng.reporters.JUnitXMLReporter -->
<testsuite hostname="LAPTOP-D2GVCL39" ignored="4" name="regression" tests="13" failures="3" timestamp="2022-08-05T21:35:41 IST" time="48.043" errors="0">
  <testcase name="@AfterClass afterClass" time="0.001" classname="com.uiFramework.KTCTC.testbase.TestBase">
    <failure type="java.lang.NullPointerException">
      <![CDATA[java.lang.NullPointerException
at com.uiFramework.KTCTC.testbase.TestBase.afterClass(TestBase.java:71)
at java.util.ArrayList.forEach(Unknown Source)
... Removed 25 stack frames]]>
    </failure>
  </testcase> <!-- @AfterClass afterClass -->
  <testcase name="verifyUserCanAddNewCategory" time="6.439" classname="regression.InventoryCategoryTest"/>
  <testcase name="verifyCategoryAddedSuccessMessageIsDisplayed" time="0.065" classname="regression.InventoryCategoryTest"/>
  <testcase name="verifyCategoryPageCountGetsIncreasedOnAddingNewCategory" time="3.315" classname="regression.InventoryCategoryTest"/>
  <testcase name="verifyUserCanEditExistingCategory" time="7.377" classname="regression.InventoryCategoryTest"/>
  <testcase name="verifyCategoryUpdatedSuccessMessageIsDisplayed" time="0.101" classname="regression.InventoryCategoryTest"/>
  <testcase name="verifyCategoryPageCountWillBeSameAfterEdit" time="3.483" classname="regression.InventoryCategoryTest"/>
  <testcase name="verifyUserCanDeleteExistingCategory" time="1.271" classname="regression.InventoryCategoryTest">
    <failure type="java.lang.AssertionError" message="The following asserts failed:
	Deleted category is still displayed on UI expected [false] but found [true]">
      <![CDATA[java.lang.AssertionError: The following asserts failed:
Deleted category is still displayed on UI expected [false] but found [true]
at regression.InventoryCategoryTest.verifyUserCanDeleteExistingCategory(InventoryCategoryTest.java:99)
at java.util.ArrayList.forEach(Unknown Source)
... Removed 29 stack frames]]>
    </failure>
  </testcase> <!-- verifyUserCanDeleteExistingCategory -->
  <testcase name="verifyCategoryDeletedSuccessMessageIsDisplayed" time="5.076" classname="regression.InventoryCategoryTest">
    <failure type="java.lang.AssertionError" message="The following asserts failed:
	Category deleted message is not displayed expected [true] but found [false]">
      <![CDATA[java.lang.AssertionError: The following asserts failed:
Category deleted message is not displayed expected [true] but found [false]
at regression.InventoryCategoryTest.verifyCategoryDeletedSuccessMessageIsDisplayed(InventoryCategoryTest.java:107)
at java.util.ArrayList.forEach(Unknown Source)
... Removed 29 stack frames]]>
    </failure>
  </testcase> <!-- verifyCategoryDeletedSuccessMessageIsDisplayed -->
  <testcase name="verifyCategoryPageCountWillGetDecreasedAfterDelete" time="3.608" classname="regression.InventoryCategoryTest">
    <failure type="java.lang.AssertionError" message="The following asserts failed:
	expected [24] but found [25]">
      <![CDATA[java.lang.AssertionError: The following asserts failed:
expected [24] but found [25]
at regression.InventoryCategoryTest.verifyCategoryPageCountWillGetDecreasedAfterDelete(InventoryCategoryTest.java:116)
at java.util.ArrayList.forEach(Unknown Source)
... Removed 29 stack frames]]>
    </failure>
  </testcase> <!-- verifyCategoryPageCountWillGetDecreasedAfterDelete -->
  <testcase name="verifyUsercanLogin" time="0.001" classname="regression.LoginFunctionalityTest"/>
  <testcase name="verifyUsercanAddBrand" time="0.001" classname="regression.LoginFunctionalityTest"/>
  <testcase name="verifyUsercanInventory" time="0.002" classname="regression.LoginFunctionalityTest"/>
  <testcase name="verifyUserCanAddProduct" time="0.001" classname="regression.InventoryProduct"/>
  <testcase name="@BeforeSuite beforeSuite" time="0.0" classname="com.uiFramework.KTCTC.testbase.TestBase">
    <ignored/>
  </testcase> <!-- @BeforeSuite beforeSuite -->
  <testcase name="@BeforeSuite beforeSuite" time="0.0" classname="com.uiFramework.KTCTC.testbase.TestBase">
    <ignored/>
  </testcase> <!-- @BeforeSuite beforeSuite -->
  <testcase name="@AfterSuite afterSuiteMethod" time="0.0" classname="com.uiFramework.KTCTC.testbase.TestBase">
    <ignored/>
  </testcase> <!-- @AfterSuite afterSuiteMethod -->
  <testcase name="@AfterSuite afterSuiteMethod" time="0.0" classname="com.uiFramework.KTCTC.testbase.TestBase">
    <ignored/>
  </testcase> <!-- @AfterSuite afterSuiteMethod -->
</testsuite> <!-- regression -->
